[debug] [2025-07-22T12:58:21.785Z] ----------------------------------------------------------------------
[debug] [2025-07-22T12:58:21.793Z] Command:       C:\Program Files\nodejs\node.exe C:\Users\PranavNerkar\AppData\Roaming\npm\node_modules\firebase-tools\lib\bin\firebase.js init
[debug] [2025-07-22T12:58:21.795Z] CLI Version:   14.11.0
[debug] [2025-07-22T12:58:21.795Z] Platform:      win32
[debug] [2025-07-22T12:58:21.796Z] Node Version:  v22.17.1
[debug] [2025-07-22T12:58:21.796Z] Time:          Tue Jul 22 2025 18:28:21 GMT+0530 (India Standard Time)
[debug] [2025-07-22T12:58:21.797Z] ----------------------------------------------------------------------
[debug] 
[debug] [2025-07-22T12:58:21.815Z] > command requires scopes: ["email","openid","https://www.googleapis.com/auth/cloudplatformprojects.readonly","https://www.googleapis.com/auth/firebase","https://www.googleapis.com/auth/cloud-platform"]
[debug] [2025-07-22T12:58:21.816Z] > authorizing via signed-in user (pranavnerkar321@gmail.com)
[info] 
     ######## #### ########  ######## ########     ###     ######  ########
     ##        ##  ##     ## ##       ##     ##  ##   ##  ##       ##
     ######    ##  ########  ######   ########  #########  ######  ######
     ##        ##  ##    ##  ##       ##     ## ##     ##       ## ##
     ##       #### ##     ## ######## ########  ##     ##  ######  ########

You're about to initialize a Firebase project in this directory:

  C:\Users\PranavNerkar\Desktop\New folder\Portfolio\pranav-nerkar

[debug] [2025-07-22T12:59:42.179Z] ExitPromptError: User force closed the prompt with SIGINT
    at Interface.sigint (C:\Users\PranavNerkar\AppData\Roaming\npm\node_modules\firebase-tools\node_modules\@inquirer\core\dist\commonjs\lib\create-prompt.js:101:37)
    at Interface.emit (node:events:518:28)
    at Interface.emit (node:domain:489:12)
    at [_ttyWrite] [as _ttyWrite] (node:internal/readline/interface:1132:18)
    at ReadStream.onkeypress (node:internal/readline/interface:271:20)
    at ReadStream.emit (node:events:530:35)
    at ReadStream.emit (node:domain:489:12)
    at emitKeys (node:internal/readline/utils:370:14)
    at emitKeys.next (<anonymous>)
    at ReadStream.onData (node:internal/readline/emitKeypressEvents:64:36)
[error] 
[error] Error: An unexpected error has occurred.
[debug] [2025-07-22T12:59:59.349Z] ----------------------------------------------------------------------
[debug] [2025-07-22T12:59:59.357Z] Command:       C:\Program Files\nodejs\node.exe C:\Users\PranavNerkar\AppData\Roaming\npm\node_modules\firebase-tools\lib\bin\firebase.js init hosting
[debug] [2025-07-22T12:59:59.358Z] CLI Version:   14.11.0
[debug] [2025-07-22T12:59:59.359Z] Platform:      win32
[debug] [2025-07-22T12:59:59.359Z] Node Version:  v22.17.1
[debug] [2025-07-22T12:59:59.359Z] Time:          Tue Jul 22 2025 18:29:59 GMT+0530 (India Standard Time)
[debug] [2025-07-22T12:59:59.360Z] ----------------------------------------------------------------------
[debug] 
[debug] [2025-07-22T12:59:59.374Z] > command requires scopes: ["email","openid","https://www.googleapis.com/auth/cloudplatformprojects.readonly","https://www.googleapis.com/auth/firebase","https://www.googleapis.com/auth/cloud-platform"]
[debug] [2025-07-22T12:59:59.375Z] > authorizing via signed-in user (pranavnerkar321@gmail.com)
[info] 
     ######## #### ########  ######## ########     ###     ######  ########
     ##        ##  ##     ## ##       ##     ##  ##   ##  ##       ##
     ######    ##  ########  ######   ########  #########  ######  ######
     ##        ##  ##    ##  ##       ##     ## ##     ##       ## ##
     ##       #### ##     ## ######## ########  ##     ##  ######  ########

You're about to initialize a Firebase project in this directory:

  C:\Users\PranavNerkar\Desktop\New folder\Portfolio\pranav-nerkar

[info] 
=== Project Setup
[info] 
[info] First, let's associate this project directory with a Firebase project.
[info] You can create multiple project aliases by running firebase use --add, 
[info] but for now we'll just set up a default project.
[info] 
[debug] [2025-07-22T13:00:03.846Z] Checked if tokens are valid: true, expires at: 1753192647845
[debug] [2025-07-22T13:00:03.847Z] Checked if tokens are valid: true, expires at: 1753192647845
[debug] [2025-07-22T13:00:03.850Z] >>> [apiv2][query] GET https://firebase.googleapis.com/v1beta1/projects pageSize=100
[debug] [2025-07-22T13:00:04.815Z] <<< [apiv2][status] GET https://firebase.googleapis.com/v1beta1/projects 200
[debug] [2025-07-22T13:00:04.816Z] <<< [apiv2][body] GET https://firebase.googleapis.com/v1beta1/projects [omitted]
[info] i  Using project pranav-nerkar-portfolio-756e5 ( pranav-nerkar-portfolio) 
[info] 
=== Hosting Setup
[debug] [2025-07-22T13:01:03.349Z] Checked if tokens are valid: true, expires at: 1753192647845
[debug] [2025-07-22T13:01:03.350Z] Checked if tokens are valid: true, expires at: 1753192647845
[debug] [2025-07-22T13:01:03.350Z] >>> [apiv2][query] GET https://firebase.googleapis.com/v1beta1/projects/pranav-nerkar-portfolio-756e5 [none]
[debug] [2025-07-22T13:01:04.090Z] <<< [apiv2][status] GET https://firebase.googleapis.com/v1beta1/projects/pranav-nerkar-portfolio-756e5 200
[debug] [2025-07-22T13:01:04.090Z] <<< [apiv2][body] GET https://firebase.googleapis.com/v1beta1/projects/pranav-nerkar-portfolio-756e5 {"projectId":"pranav-nerkar-portfolio-756e5","projectNumber":"657210858207","displayName":" pranav-nerkar-portfolio","name":"projects/pranav-nerkar-portfolio-756e5","resources":{"hostingSite":"pranav-nerkar-portfolio-756e5"},"state":"ACTIVE","etag":"1_66ac43c5-a67a-4add-a7ba-97b10fcde92d"}
[info] 
[info] Your public directory is the folder (relative to your project directory) that
[info] will contain Hosting assets to be uploaded with firebase deploy. If you
[info] have a build process for your assets, use your build's output directory.
[info] 
[debug] [2025-07-22T13:03:19.574Z] ExitPromptError: User force closed the prompt with SIGINT
    at Interface.sigint (C:\Users\PranavNerkar\AppData\Roaming\npm\node_modules\firebase-tools\node_modules\@inquirer\core\dist\commonjs\lib\create-prompt.js:101:37)
    at Interface.emit (node:events:518:28)
    at Interface.emit (node:domain:489:12)
    at [_ttyWrite] [as _ttyWrite] (node:internal/readline/interface:1132:18)
    at ReadStream.onkeypress (node:internal/readline/interface:271:20)
    at ReadStream.emit (node:events:530:35)
    at ReadStream.emit (node:domain:489:12)
    at emitKeys (node:internal/readline/utils:370:14)
    at emitKeys.next (<anonymous>)
    at ReadStream.onData (node:internal/readline/emitKeypressEvents:64:36)
[error] 
[error] Error: An unexpected error has occurred.
